++ INPUT_OPTION=-d
++ INPUT_FILE=mem.prog.cpp
++ avaiableOptions=("-d" "-o")
++ [[ -z -d ]]
++ g++ -v
++ IFS=';'
++ read -r folder_name file_name
+++ compilerManager -d mem.prog.cpp
+++ local file=mem.prog.cpp option=-d
+++ [[ -z mem.prog.cpp ]]
+++ IFS=';'
+++ read -r file_name file_ext
++++ getFileDivision mem.prog.cpp
++++ file=mem.prog.cpp
++++ file_name=mem.prog
++++ file_ext=cpp
++++ echo 'mem.prog;cpp'
++++ return 0
++++ isCPPFile mem.prog.cpp
++++ file=mem.prog.cpp
++++ [[ mem.prog.cpp == *.cpp ]]
++++ return 0
+++ [[ ! -e mem.prog.cpp ]]
+++ [[ mem.prog.cpp == \*\.\c\p\p ]]
+++ file=mem.prog.cpp
+++ [[ cpp == @(cpp|c++) ]]
+++ [[ -e mem.prog.cpp ]]
+++ [[ -d == \-\d ]]
+++ folder_name=cpp-mem.prog
+++ g++ cpp-mem.prog/mem.prog.cpp -o mem.prog
+++ [[ -d == \-\d ]]
+++ folder_name=cpp-mem.prog
++++ pwd
+++ current_path=/media/lxxxv/linux_files/workspace/shell-scripting/projects/utils-by-bash/run-cpp-program
++++ basename /media/lxxxv/linux_files/workspace/shell-scripting/projects/utils-by-bash/run-cpp-program
+++ parent_folder=run-cpp-program
+++ [[ cpp-mem.prog != \r\u\n\-\c\p\p\-\p\r\o\g\r\a\m ]]
+++ [[ ! -d cpp-mem.prog ]]
+++ mv -v mem.prog.cpp ./cpp-mem.prog
+++ mv -v mem.prog ./cpp-mem.prog
+++ [[ ! -e ./cpp-mem.prog/mem.prog ]]
+++ echo 'cpp-mem.prog;mem.prog'
+++ return 0
++ echo 'Hello brother -> cpp-mem.prog; mem.prog'
++ [[ -d cpp-mem.prog ]]
++ [[ ! -z mem.prog ]]
++ ./cpp-mem.prog/mem.prog
++ set +x
